<?xml version="1.0" encoding="UTF-8"?>
<Site BuildName="Linux-g++"
	BuildStamp="20231102-0128-Experimental"
	Name="MEEG-DD5J1ZS3"
	Generator="ctest-3.27.5"
	CompilerName="/usr/bin/g++"
	CompilerVersion="11.3.0"
	OSName="Linux"
	Hostname="MEEG-DD5J1ZS3"
	OSRelease="5.19.0-40-generic"
	OSVersion="#41~22.04.1-Ubuntu SMP PREEMPT_DYNAMIC Fri Mar 31 16:00:14 UTC 2"
	OSPlatform="x86_64"
	Is64Bits="1"
	VendorString="GenuineIntel"
	VendorID="Intel Corporation"
	FamilyID="6"
	ModelID="151"
	ProcessorCacheSize="30720"
	NumberOfLogicalCPU="24"
	NumberOfPhysicalCPU="16"
	TotalVirtualMemory="1951"
	TotalPhysicalMemory="63999"
	LogicalProcessorsPerPhysical="1"
	ProcessorClockFrequency="1685.32"
	>
	<Testing>
		<StartDateTime>Nov 01 21:49 EDT</StartDateTime>
		<StartTestTime>1698889795</StartTestTime>
		<TestList/>
		<EndDateTime>Nov 01 21:49 EDT</EndDateTime>
		<EndTestTime>1698889795</EndTestTime>
		<ElapsedMinutes>0</ElapsedMinutes>
	</Testing>
</Site>
